<?xml version="1.0" encoding="UTF-8"?>
<!-- Generated by org.testng.reporters.JUnitReportReporter -->
<testsuite hostname="Administrator" failures="0" tests="82" name="org.testrun.Testng_Run" time="366.986" errors="0" timestamp="2023-09-13T13:25:18 IST" skipped="0">
  <testcase classname="org.testrun.Testng_Run" name="execution" time="4.414"/>
  <system-out/>
  <testcase classname="org.testrun.Testng_Run" name="execution" time="4.427"/>
  <system-out/>
  <testcase classname="org.testrun.Testng_Run" name="execution" time="4.398"/>
  <system-out/>
  <testcase classname="org.testrun.Testng_Run" name="execution" time="4.285"/>
  <system-out/>
  <testcase classname="org.testrun.Testng_Run" name="execution" time="4.483"/>
  <system-out/>
  <testcase classname="org.testrun.Testng_Run" name="execution" time="4.354"/>
  <system-out/>
  <testcase classname="org.testrun.Testng_Run" name="execution" time="4.346"/>
  <system-out/>
  <testcase classname="org.testrun.Testng_Run" name="execution" time="4.541"/>
  <system-out/>
  <testcase classname="org.testrun.Testng_Run" name="execution" time="5.532"/>
  <system-out/>
  <testcase classname="org.testrun.Testng_Run" name="execution" time="4.407"/>
  <system-out/>
  <testcase classname="org.testrun.Testng_Run" name="execution" time="4.279"/>
  <system-out/>
  <testcase classname="org.testrun.Testng_Run" name="execution" time="4.342"/>
  <system-out/>
  <testcase classname="org.testrun.Testng_Run" name="execution" time="4.314"/>
  <system-out/>
  <testcase classname="org.testrun.Testng_Run" name="execution" time="4.272"/>
  <system-out/>
  <testcase classname="org.testrun.Testng_Run" name="execution" time="4.515"/>
  <system-out/>
  <testcase classname="org.testrun.Testng_Run" name="execution" time="4.502"/>
  <system-out/>
  <testcase classname="org.testrun.Testng_Run" name="execution" time="4.794"/>
  <system-out/>
  <testcase classname="org.testrun.Testng_Run" name="execution" time="4.326"/>
  <system-out/>
  <testcase classname="org.testrun.Testng_Run" name="execution" time="4.347"/>
  <system-out/>
  <testcase classname="org.testrun.Testng_Run" name="execution" time="4.356"/>
  <system-out/>
  <testcase classname="org.testrun.Testng_Run" name="execution" time="4.367"/>
  <system-out/>
  <testcase classname="org.testrun.Testng_Run" name="execution" time="6.826"/>
  <system-out/>
  <testcase classname="org.testrun.Testng_Run" name="execution" time="4.295"/>
  <system-out/>
  <testcase classname="org.testrun.Testng_Run" name="execution" time="4.406"/>
  <system-out/>
  <testcase classname="org.testrun.Testng_Run" name="execution" time="5.399"/>
  <system-out/>
  <testcase classname="org.testrun.Testng_Run" name="execution" time="4.394"/>
  <system-out/>
  <testcase classname="org.testrun.Testng_Run" name="execution" time="4.666"/>
  <system-out/>
  <testcase classname="org.testrun.Testng_Run" name="execution" time="4.388"/>
  <system-out/>
  <testcase classname="org.testrun.Testng_Run" name="execution" time="4.358"/>
  <system-out/>
  <testcase classname="org.testrun.Testng_Run" name="execution" time="4.397"/>
  <system-out/>
  <testcase classname="org.testrun.Testng_Run" name="execution" time="4.308"/>
  <system-out/>
  <testcase classname="org.testrun.Testng_Run" name="execution" time="4.507"/>
  <system-out/>
  <testcase classname="org.testrun.Testng_Run" name="execution" time="4.319"/>
  <system-out/>
  <testcase classname="org.testrun.Testng_Run" name="execution" time="4.437"/>
  <system-out/>
  <testcase classname="org.testrun.Testng_Run" name="execution" time="4.468"/>
  <system-out/>
  <testcase classname="org.testrun.Testng_Run" name="execution" time="4.681"/>
  <system-out/>
  <testcase classname="org.testrun.Testng_Run" name="execution" time="4.446"/>
  <system-out/>
  <testcase classname="org.testrun.Testng_Run" name="execution" time="4.320"/>
  <system-out/>
  <testcase classname="org.testrun.Testng_Run" name="execution" time="4.483"/>
  <system-out/>
  <testcase classname="org.testrun.Testng_Run" name="execution" time="4.359"/>
  <system-out/>
  <testcase classname="org.testrun.Testng_Run" name="execution" time="4.366"/>
  <system-out/>
  <testcase classname="org.testrun.Testng_Run" name="execution" time="4.313"/>
  <system-out/>
  <testcase classname="org.testrun.Testng_Run" name="execution" time="4.615"/>
  <system-out/>
  <testcase classname="org.testrun.Testng_Run" name="execution" time="4.324"/>
  <system-out/>
  <testcase classname="org.testrun.Testng_Run" name="execution" time="4.346"/>
  <system-out/>
  <testcase classname="org.testrun.Testng_Run" name="execution" time="4.334"/>
  <system-out/>
  <testcase classname="org.testrun.Testng_Run" name="execution" time="4.301"/>
  <system-out/>
  <testcase classname="org.testrun.Testng_Run" name="execution" time="4.355"/>
  <system-out/>
  <testcase classname="org.testrun.Testng_Run" name="execution" time="4.345"/>
  <system-out/>
  <testcase classname="org.testrun.Testng_Run" name="execution" time="4.410"/>
  <system-out/>
  <testcase classname="org.testrun.Testng_Run" name="execution" time="4.379"/>
  <system-out/>
  <testcase classname="org.testrun.Testng_Run" name="execution" time="4.449"/>
  <system-out/>
  <testcase classname="org.testrun.Testng_Run" name="execution" time="4.466"/>
  <system-out/>
  <testcase classname="org.testrun.Testng_Run" name="execution" time="4.341"/>
  <system-out/>
  <testcase classname="org.testrun.Testng_Run" name="execution" time="4.712"/>
  <system-out/>
  <testcase classname="org.testrun.Testng_Run" name="execution" time="4.310"/>
  <system-out/>
  <testcase classname="org.testrun.Testng_Run" name="execution" time="4.326"/>
  <system-out/>
  <testcase classname="org.testrun.Testng_Run" name="execution" time="4.376"/>
  <system-out/>
  <testcase classname="org.testrun.Testng_Run" name="execution" time="4.477"/>
  <system-out/>
  <testcase classname="org.testrun.Testng_Run" name="execution" time="4.394"/>
  <system-out/>
  <testcase classname="org.testrun.Testng_Run" name="execution" time="4.394"/>
  <system-out/>
  <testcase classname="org.testrun.Testng_Run" name="execution" time="4.803"/>
  <system-out/>
  <testcase classname="org.testrun.Testng_Run" name="execution" time="4.355"/>
  <system-out/>
  <testcase classname="org.testrun.Testng_Run" name="execution" time="4.409"/>
  <system-out/>
  <testcase classname="org.testrun.Testng_Run" name="execution" time="4.417"/>
  <system-out/>
  <testcase classname="org.testrun.Testng_Run" name="execution" time="4.375"/>
  <system-out/>
  <testcase classname="org.testrun.Testng_Run" name="execution" time="4.341"/>
  <system-out/>
  <testcase classname="org.testrun.Testng_Run" name="execution" time="4.421"/>
  <system-out/>
  <testcase classname="org.testrun.Testng_Run" name="execution" time="4.359"/>
  <system-out/>
  <testcase classname="org.testrun.Testng_Run" name="execution" time="4.334"/>
  <system-out/>
  <testcase classname="org.testrun.Testng_Run" name="execution" time="5.135"/>
  <system-out/>
  <testcase classname="org.testrun.Testng_Run" name="execution" time="4.370"/>
  <system-out/>
  <testcase classname="org.testrun.Testng_Run" name="execution" time="4.322"/>
  <system-out/>
  <testcase classname="org.testrun.Testng_Run" name="execution" time="4.356"/>
  <system-out/>
  <testcase classname="org.testrun.Testng_Run" name="execution" time="4.308"/>
  <system-out/>
  <testcase classname="org.testrun.Testng_Run" name="execution" time="4.432"/>
  <system-out/>
  <testcase classname="org.testrun.Testng_Run" name="execution" time="4.341"/>
  <system-out/>
  <testcase classname="org.testrun.Testng_Run" name="execution" time="4.382"/>
  <system-out/>
  <testcase classname="org.testrun.Testng_Run" name="execution" time="4.920"/>
  <system-out/>
  <testcase classname="org.testrun.Testng_Run" name="execution" time="4.560"/>
  <system-out/>
  <testcase classname="org.testrun.Testng_Run" name="execution" time="4.331"/>
  <system-out/>
  <testcase classname="org.testrun.Testng_Run" name="execution" time="4.324"/>
  <system-out/>
</testsuite> <!-- org.testrun.Testng_Run -->
